SF:lib\model\Usage.dart
DA:20,0
DA:39,1
DA:40,2
DA:41,2
DA:42,2
DA:43,2
DA:44,2
DA:45,2
DA:46,2
DA:47,2
DA:48,2
DA:49,2
DA:50,2
DA:51,2
DA:52,2
DA:53,2
DA:54,2
DA:55,2
DA:56,2
DA:58,2
DA:61,0
DA:62,0
DA:63,0
DA:64,0
DA:65,0
DA:66,0
DA:67,0
DA:68,0
DA:69,0
DA:70,0
DA:71,0
DA:72,0
DA:73,0
DA:74,0
DA:75,0
DA:76,0
DA:77,0
DA:78,0
DA:79,0
DA:81,0
DA:89,0
DA:91,1
DA:92,2
DA:95,0
DA:96,0
DA:97,0
LF:46
LH:21
end_of_record
SF:lib\bar_chart.dart
DA:18,3
DA:36,0
DA:38,0
DA:40,0
DA:41,0
DA:57,0
DA:59,0
DA:60,0
DA:61,0
DA:62,0
DA:63,0
DA:64,0
DA:65,0
DA:66,0
DA:69,0
DA:71,0
DA:72,0
DA:74,0
DA:75,0
DA:81,0
DA:82,0
DA:83,0
DA:87,0
DA:90,0
DA:91,0
DA:92,0
DA:93,0
DA:94,0
DA:96,0
DA:97,0
DA:102,0
DA:103,0
DA:105,0
DA:106,0
DA:111,0
DA:112,0
DA:114,0
DA:115,0
DA:120,0
DA:121,0
DA:122,0
DA:123,0
DA:124,0
DA:125,0
DA:126,0
DA:127,0
DA:128,0
DA:129,0
DA:130,0
DA:132,0
DA:133,0
DA:134,0
DA:135,0
DA:136,0
DA:137,0
DA:141,0
DA:142,0
DA:144,0
DA:145,0
DA:146,0
DA:148,0
DA:153,0
DA:154,0
DA:158,0
DA:159,0
DA:161,0
DA:163,0
DA:164,0
DA:165,0
DA:173,0
DA:174,0
DA:178,0
DA:180,0
DA:181,0
DA:184,0
DA:193,0
DA:206,0
DA:207,0
DA:208,0
DA:209,0
DA:210,0
DA:211,0
DA:212,0
DA:213,0
DA:217,0
DA:218,0
DA:219,0
DA:220,0
DA:221,0
DA:222,0
DA:223,0
DA:229,0
DA:230,0
DA:232,0
DA:234,0
DA:235,0
DA:236,0
DA:237,0
DA:238,0
DA:239,0
DA:242,0
DA:246,0
DA:247,0
DA:248,0
DA:249,0
DA:250,0
DA:251,0
DA:265,1
DA:267,1
DA:269,5
DA:275,5
DA:276,2
DA:277,1
DA:278,2
DA:281,1
DA:282,1
DA:283,1
DA:288,4
DA:289,1
DA:292,1
DA:293,3
DA:295,1
DA:298,1
DA:301,2
DA:304,2
DA:309,5
DA:310,6
DA:312,2
DA:313,5
DA:322,3
DA:325,2
DA:327,3
DA:328,1
DA:329,2
DA:330,1
DA:335,2
DA:336,5
DA:337,4
DA:340,3
DA:341,1
DA:342,2
DA:343,1
DA:347,1
DA:349,3
DA:350,2
DA:351,3
DA:353,2
DA:359,0
DA:361,0
DA:365,0
DA:366,0
DA:367,0
DA:369,0
DA:373,0
DA:374,0
DA:378,2
DA:381,4
DA:382,3
DA:383,1
DA:388,1
DA:389,1
DA:390,3
DA:393,1
DA:398,1
DA:399,3
DA:407,1
DA:408,3
DA:410,5
DA:411,1
DA:412,1
DA:413,1
DA:416,2
DA:421,1
DA:422,2
DA:423,1
DA:425,0
DA:437,1
DA:439,1
DA:440,2
DA:441,2
DA:442,2
DA:443,2
DA:444,2
DA:445,2
DA:446,2
DA:447,2
DA:448,2
DA:449,2
DA:450,2
DA:451,2
DA:453,0
DA:457,1
DA:458,1
DA:461,1
DA:462,2
DA:472,1
DA:474,1
DA:475,1
DA:476,2
DA:477,1
DA:478,0
DA:479,1
DA:480,2
DA:481,1
DA:482,2
DA:483,2
DA:485,0
DA:489,1
DA:490,5
LF:209
LH:91
end_of_record
SF:lib\my_theme_model.dart
DA:6,0
DA:7,0
DA:10,0
DA:11,0
DA:14,0
DA:15,0
DA:16,0
LF:7
LH:0
end_of_record
SF:lib\top_section.dart
DA:6,0
DA:13,0
DA:18,0
DA:20,0
DA:22,0
DA:23,0
DA:24,0
DA:26,0
DA:27,0
DA:28,0
DA:29,0
DA:30,0
DA:31,0
DA:32,0
DA:37,0
DA:38,0
DA:39,0
DA:40,0
DA:41,0
DA:42,0
DA:47,0
DA:61,0
DA:64,0
DA:66,0
DA:68,0
DA:69,0
DA:70,0
DA:73,0
DA:74,0
DA:79,0
DA:80,0
DA:91,0
LF:32
LH:0
end_of_record
